Log: Log file open, 05/10/22 23:31:03
Init: Name subsystem initialized
Init: Detected: Microsoft Windows NT 6.1 (Build: 7601)
Init: Version: 400
Init: Compiled: Aug 21 2001 18:27:31
Init: Command line: 
Init: Base directory: D:\Games\DF2001\August 21\System\
Init: Character set: Unicode
Init: Profile: Duke
Log: Bound to Engine.dll
Init: Object subsystem initialized.
Init: Computer: VIRJPC
Init: User: virj
Init: Memory total: Phys=4194303K Pagef=4194303K Virt=2097024K
Init: Working set: 32000 / 159000
Init: CPU Speed=3515.818370 MHz
Init: CPU Page size=4096, Processors=6
Init: CPU Detected: Unknown processor (AuthenticAMD)
Init: CPU Features: CMov FPU RDTSC PAE MMX KNI
Log: Loading: Package Engine
Init: Unreal engine initialized.  Lincoln is pleased.
Init: DirectInput initialized successfully.
Init: Win32 client initialized.
Init: Lighting manager initialized.
Init: Render core initialized.
Log: LoadMap: Entry
Log: Loading: Package Entry
Log: Loading: Package dnWindow
Log: Loading: Package UWindow
Log: Loading: Package dnGame
Log: Loading: Package hud_effects
Log: Loading: Package dnParticles
Log: Loading: Package t_generic
Log: Bound to Fire.dll
Log: Loading: Package Fire
Log: Loading: Package t_detail
Log: Loading: Package t_firefx
Log: Loading: Package a_impact
Log: Loading: Package m_dnWeapon
Log: Loading: Package palettes
Log: Loading: Package m_vehicles
Log: Loading: Package c_FX
Log: Loading: Package t_explosionFx
Log: Loading: Package dnModulation
Log: Loading: Package afbproship
Log: Loading: Package mario
Log: Loading: Package a_generic
Log: Loading: Package dnsWeapn
Log: Loading: Package a_edf
Log: Loading: Package t_test
Log: Loading: Package m_generic
Log: Loading: Package a_transport
Log: Loading: Package c_generic
Log: Loading: Package m_zone1_vegas
Log: Loading: Package a_ambient
Log: Loading: Package c_zone1_vegas
Log: Loading: Package petalumahouse
Log: Loading: Package powerpuzzle1
Log: Loading: Package c_dnWeapon
Log: Loading: Package a_dukevoice
Log: Loading: Package circuitpuzzle1
Log: Loading: Package ezmail
Log: Loading: Package ezvend
Log: Loading: Package EZPhone
Log: Loading: Package c_dukeitems
Log: Loading: Package keypads
Log: Loading: Package a_zone1_vegas
Log: Loading: Package m_turretfx
Log: Loading: Package a_switch
Log: Loading: Package c_characters
Log: Loading: Package a_inventory
Log: Loading: Package c_hands
Log: Loading: Package a_creatures
Log: Loading: Package m_hands
Log: Loading: Package SMK6
Log: Loading: Package crane
Log: Loading: Package ts01
Log: Loading: Package SMK5
Log: Loading: Package dnsMaterials
Log: Loading: Package m_characters
Log: Loading: Package smk8
Log: Loading: Package vegas
Log: Loading: Package ShieldFX
Log: Loading: Package canvasfx
Log: Loading: Package arcadeFX
Log: Loading: Package SMK4
Log: Loading: Package dukeed_gfx
Log: Loading: Package a_npcvoice
Log: Loading: Package modelfx
Log: Loading: Package c_vehicles
Log: Loading: Package D3DSounds
Log: Loading: Package UBrowser
Log: Loading: Package SMK3
Log: Loading: Package SMK7
Log: EndLoadMap
Log: LoadMap NumPreloads: 11164
Log: LoadMap PreloadSize: 822064
Log: LoadMap TexturePreloadSize: 279085
Log: LoadMap SerializeTime: 0.251013
Log: Setting Actor Collision.
Log: Entered SetActorCollision.
Log: Entering Actor collision loop 1.
Log: Created new collision hash.
Log: Exited SetActorCollision.
Log: Setting up sound damping table.
Log: Updating the level info's time.
Log: Init the game info.
Log: Get the GameInfo clas.
Log: Game class is 'DukeIntro'
Log: Listen for clients.
Log: Bringing Level Entry.MyLevel up for play (0)...
ScriptLog: GameInfo::InitGame: 
ScriptLog: Base Mutator is Entry.Mutator0
ScriptLog: Using GameReplicationInfo class:GameReplicationInfo
Log: Bound to Galaxy.dll
Init: Galaxy is using DirectSound
Init: Galaxy initialized
Log: DnExec: *** MusicPlay: Filename:DukeNukemTheme.mp3
Log: DnExec: Seconds: 2424.769887 CrossfadeStart:2424.769886
Log: LoadMap TotalTime: 0.317576
Log: Browse: Entry.dnf?Name=Duke Nukem?Class=dnGame.DukePlayer?team=0
Log: LoadMap: Entry.dnf?Name=Duke Nukem?Class=dnGame.DukePlayer?team=0
Log: EndLoadMap
Log: LoadMap NumPreloads: 0
Log: LoadMap PreloadSize: 0
Log: LoadMap TexturePreloadSize: 0
Log: LoadMap SerializeTime: 0.000000
Log: Setting Actor Collision.
Log: Entered SetActorCollision.
Log: Exited SetActorCollision.
Log: Setting up sound damping table.
Log: Updating the level info's time.
Log: Init the game info.
Log: Listen for clients.
DevAudio: Galaxy SetViewport: NULL
Log: DnExec: *** MusicPlay: Filename:DukeNukemTheme.mp3
Log: DnExec: Seconds: 2424.772761 CrossfadeStart:2424.772761
Log: LoadMap TotalTime: 0.002475
Warning: Property bDarkenModulate of Class Engine.Texture not found
Warning: Skipping 0 bytes of type 3
Warning: Property bDarkenModulate of Class Engine.Texture not found
Warning: Skipping 0 bytes of type 3
Warning: Property bDarkenModulate of Class Engine.Texture not found
Warning: Skipping 0 bytes of type 3
Warning: Property bDarkenModulate of Class Engine.Texture not found
Warning: Skipping 0 bytes of type 3
Warning: Property bDarkenModulate of Class Engine.Texture not found
Warning: Skipping 0 bytes of type 3
ScriptLog: Console: Duke Nukem Forever
ScriptLog: Console: Copyright 2000-2001 3D Realms, Inc.
ScriptLog: Console:  
ScriptLog: Console:  
Log: DnExec: *** MusicPlay: Filename:DukeNukemTheme.mp3
Log: DnExec: Seconds: 2425.015914 CrossfadeStart:2425.015914
ScriptLog: GameInfo::Login: Duke Nukem
Init: Input system initialized for WindowsViewport0
Log: Trying D3DDrv.D3DRenderDevice
Log: Bound to D3DDrv.dll
Init: Direct3D adapters detected:
Log: Adaptor Detected: nvd3dum.dll/NVIDIA GeForce GT 1030
Init: DukeForever Direct3D support initializing.
Log: SetRes(NewX=800,NewY=600,NewColorBytes=4,Fullscreen1) (this:0a3d0000);
Init: Best-match display mode: 800x600x32 (Error=0)
Log: Using back-buffer format 21(32-bit) (D3DFMT_A8R8G8B8)
Log: Using depth-buffer format 75(32-bit)
Init: D3D Driver: Supports trilinear
Init: D3D Driver: Supports specular gouraud
Init: D3D Driver: Supports BLENDDIFFUSEALPHA
DevAudio: Galaxy SetViewport: WindowsViewport0
Init: Game engine initialized
Log: Startup time: 1.601251 seconds
Log: DnExec: OpenNextMP3 NextJumpPattern:DukeNukemTheme.mp3 ChosenFilename:..\Music\DukeNukemTheme.mp3
Log: Loading: Package DukeLookAndFeel
ScriptWarning: UDukeDesktopWindow Transient.UDukeDesktopWindow0 (Function dnWindow.UDukeDesktopWindow.Created:05E8) Accessed None
ScriptWarning: UDukeDesktopWindow Transient.UDukeDesktopWindow0 (Function dnWindow.UDukeDesktopWindow.CreateIconsForGameIconString:000E) Accessed None
ScriptWarning: UDukeDesktopWindow Transient.UDukeDesktopWindow0 (Function dnWindow.UDukeDesktopWindow.CreateIconsForGameIconString:003D) Accessed None
ScriptWarning: UDukeDesktopWindow Transient.UDukeDesktopWindow0 (Function dnWindow.UDukeDesktopWindow.CreateIconsForGameIconString:0132) Accessed None
ScriptWarning: UDukeDesktopWindow Transient.UDukeDesktopWindow0 (Function dnWindow.UDukeDesktopWindow.CreateIconsForSettingsIconString:000E) Accessed None
ScriptWarning: UDukeDesktopWindow Transient.UDukeDesktopWindow0 (Function dnWindow.UDukeDesktopWindow.CreateIconsForSettingsIconString:003D) Accessed None
ScriptWarning: UDukeDesktopWindow Transient.UDukeDesktopWindow0 (Function dnWindow.UDukeDesktopWindow.CreateIconsForSettingsIconString:0136) Accessed None
ScriptWarning: UDukeDesktopWindow Transient.UDukeDesktopWindow0 (Function dnWindow.UDukeDesktopWindow.CreateIconsForMultiplayerIconString:000E) Accessed None
ScriptWarning: UDukeDesktopWindow Transient.UDukeDesktopWindow0 (Function dnWindow.UDukeDesktopWindow.CreateIconsForMultiplayerIconString:003D) Accessed None
ScriptWarning: UDukeDesktopWindow Transient.UDukeDesktopWindow0 (Function dnWindow.UDukeDesktopWindow.CreateIconsForMultiplayerIconString:0142) Accessed None
ScriptWarning: UDukeDesktopWindow Transient.UDukeDesktopWindow0 (Function dnWindow.UDukeDesktopWindow.CreateIconsForSupportIconString:000E) Accessed None
ScriptWarning: UDukeDesktopWindow Transient.UDukeDesktopWindow0 (Function dnWindow.UDukeDesktopWindow.CreateIconsForSupportIconString:003D) Accessed None
ScriptWarning: UDukeDesktopWindow Transient.UDukeDesktopWindow0 (Function dnWindow.UDukeDesktopWindow.CreateIconsForSupportIconString:013E) Accessed None
ScriptWarning: UDukeDesktopWindow Transient.UDukeDesktopWindow0 (Function dnWindow.UDukeDesktopWindow.ResolutionChanged:0032) Accessed None
ScriptWarning: UDukeDesktopWindow Transient.UDukeDesktopWindow0 (Function dnWindow.UDukeDesktopWindow.ResolutionChanged:023D) Accessed None
ScriptWarning: UDukeDesktopWindow Transient.UDukeDesktopWindow0 (Function dnWindow.UDukeDesktopWindow.ResolutionChanged:0272) Accessed None
ScriptWarning: UDukeDesktopWindow Transient.UDukeDesktopWindow0 (Function dnWindow.UDukeDesktopWindow.ResolutionChanged:023D) Accessed None
ScriptWarning: UDukeDesktopWindow Transient.UDukeDesktopWindow0 (Function dnWindow.UDukeDesktopWindow.ResolutionChanged:0272) Accessed None
ScriptWarning: UDukeDesktopWindow Transient.UDukeDesktopWindow0 (Function dnWindow.UDukeDesktopWindow.ResolutionChanged:023D) Accessed None
ScriptWarning: UDukeDesktopWindow Transient.UDukeDesktopWindow0 (Function dnWindow.UDukeDesktopWindow.ResolutionChanged:0272) Accessed None
ScriptWarning: UDukeDesktopWindow Transient.UDukeDesktopWindow0 (Function dnWindow.UDukeDesktopWindow.ResolutionChanged:023D) Accessed None
ScriptWarning: UDukeDesktopWindow Transient.UDukeDesktopWindow0 (Function dnWindow.UDukeDesktopWindow.ResolutionChanged:0272) Accessed None
ScriptWarning: UDukeDesktopWindow Transient.UDukeDesktopWindow0 (Function dnWindow.UDukeDesktopWindow.ResolutionChanged:0032) Accessed None
ScriptWarning: UDukeDesktopWindow Transient.UDukeDesktopWindow0 (Function dnWindow.UDukeDesktopWindow.ResolutionChanged:023D) Accessed None
ScriptWarning: UDukeDesktopWindow Transient.UDukeDesktopWindow0 (Function dnWindow.UDukeDesktopWindow.ResolutionChanged:0272) Accessed None
ScriptWarning: UDukeDesktopWindow Transient.UDukeDesktopWindow0 (Function dnWindow.UDukeDesktopWindow.ResolutionChanged:023D) Accessed None
ScriptWarning: UDukeDesktopWindow Transient.UDukeDesktopWindow0 (Function dnWindow.UDukeDesktopWindow.ResolutionChanged:0272) Accessed None
ScriptWarning: UDukeDesktopWindow Transient.UDukeDesktopWindow0 (Function dnWindow.UDukeDesktopWindow.ResolutionChanged:023D) Accessed None
ScriptWarning: UDukeDesktopWindow Transient.UDukeDesktopWindow0 (Function dnWindow.UDukeDesktopWindow.ResolutionChanged:0272) Accessed None
ScriptWarning: UDukeDesktopWindow Transient.UDukeDesktopWindow0 (Function dnWindow.UDukeDesktopWindow.ResolutionChanged:023D) Accessed None
ScriptWarning: UDukeDesktopWindow Transient.UDukeDesktopWindow0 (Function dnWindow.UDukeDesktopWindow.ResolutionChanged:0272) Accessed None
ScriptWarning: UDukeDesktopWindow Transient.UDukeDesktopWindow0 (Function dnWindow.UDukeDesktopWindow.SelectIcon:0230) Accessed None
ScriptWarning: UDukeDesktopWindow Transient.UDukeDesktopWindow0 (Function dnWindow.UDukeDesktopWindow.SelectIcon:0246) Accessed None
Log: EndFullscreen
Log: SetRes(NewX=800,NewY=600,NewColorBytes=4,Fullscreen0) (this:0a3d0000);
Log: Using back-buffer format 21(32-bit) (D3DFMT_A8R8G8B8)
Log: Using depth-buffer format 75(32-bit)
Log: Viewport WindowsViewport0: WM_DisplayChange
Init: D3D Driver: Supports trilinear
Init: D3D Driver: Supports specular gouraud
Init: D3D Driver: Supports BLENDDIFFUSEALPHA
Log: AttemptFullscreen
Log: SetRes(NewX=800,NewY=600,NewColorBytes=4,Fullscreen1) (this:0a3d0000);
Init: Best-match display mode: 800x600x32 (Error=0)
Log: Using back-buffer format 21(32-bit) (D3DFMT_A8R8G8B8)
Log: Using depth-buffer format 75(32-bit)
Init: D3D Driver: Supports trilinear
Init: D3D Driver: Supports specular gouraud
Init: D3D Driver: Supports BLENDDIFFUSEALPHA
ScriptLog: Saving GRI defaults 
Log: appRequestExit(0)
Exit: Preparing to exit.
Log: Purging garbage - DispatchDestroy
Log: Unbound to Engine.dll
Log: Unloading: Package Engine
Exit: Game engine shut down
Log: Cannibal shutdown...
Log: ...Cannibal shutdown complete.
Exit: Windows client shut down
Exit: Rendering shut down
Log: Unloading: Package Entry
Log: Unloading: Package dnWindow
Log: Unloading: Package UWindow
Log: Unloading: Package dnGame
Log: Unloading: Package hud_effects
Log: Unloading: Package dnParticles
Log: Unloading: Package t_generic
Log: Unbound to Fire.dll
Log: Unloading: Package Fire
Log: Unloading: Package t_detail
Log: Unloading: Package t_firefx
Log: Unloading: Package a_impact
Log: Unloading: Package m_dnWeapon
Log: Unloading: Package palettes
Log: Unloading: Package m_vehicles
Log: Unloading: Package c_FX
Log: Unloading: Package t_explosionFx
Log: Unloading: Package dnModulation
Log: Unloading: Package afbproship
Log: Unloading: Package mario
Log: Unloading: Package a_generic
Log: Unloading: Package dnsWeapn
Log: Unloading: Package a_edf
Log: Unloading: Package t_test
Log: Unloading: Package m_generic
Log: Unloading: Package a_transport
Log: Unloading: Package c_generic
Log: Unloading: Package m_zone1_vegas
Log: Unloading: Package a_ambient
Log: Unloading: Package c_zone1_vegas
Log: Unloading: Package petalumahouse
Log: Unloading: Package powerpuzzle1
Log: Unloading: Package c_dnWeapon
Log: Unloading: Package a_dukevoice
Log: Unloading: Package circuitpuzzle1
Log: Unloading: Package ezmail
Log: Unloading: Package ezvend
Log: Unloading: Package EZPhone
Log: Unloading: Package c_dukeitems
Log: Unloading: Package keypads
Log: Unloading: Package a_zone1_vegas
Log: Unloading: Package m_turretfx
Log: Unloading: Package a_switch
Log: Unloading: Package c_characters
Log: Unloading: Package a_inventory
Log: Unloading: Package c_hands
Log: Unloading: Package a_creatures
Log: Unloading: Package m_hands
Log: Unloading: Package SMK6
Log: Unloading: Package crane
Log: Unloading: Package ts01
Log: Unloading: Package SMK5
Log: Unloading: Package dnsMaterials
Log: Unloading: Package m_characters
Log: Unloading: Package smk8
Log: Unloading: Package vegas
Log: Unloading: Package ShieldFX
Log: Unloading: Package canvasfx
Log: Unloading: Package arcadeFX
Log: Unloading: Package SMK4
Log: Unloading: Package dukeed_gfx
Log: Unloading: Package a_npcvoice
Log: Unloading: Package modelfx
Log: Unloading: Package c_vehicles
Log: Unloading: Package D3DSounds
Log: Unloading: Package UBrowser
Log: Unloading: Package SMK3
Log: Unloading: Package SMK7
Log: Unbound to Galaxy.dll
DevAudio: Galaxy SetViewport: NULL
Exit: Galaxy shut down
Log: Unloading TrueType fonts.
Log: Unbound to D3DDrv.dll
Log: Unloading: Package DukeLookAndFeel
Log: Purging garbage - DeleteGarbage
Log: Purging garbage - DeleteNames
Log: Garbage: objects: 22561->0; refs: 0
Exit: Object subsystem successfully closed.
Log: Terminating main loop
Exit: Exiting.
Uninitialized: Name subsystem shut down
Uninitialized: Memory Allocation Status
Uninitialized: Curr Memory  0.286M /  4.121M
Uninitialized: Peak Memory  23.389M /  25.051M
Uninitialized: Allocs        2291 Current /  7715310 Total
Uninitialized: Log file closed, 05/10/22 23:32:01
