Log: Log file open, 05/11/22 19:10:41
Init: Name subsystem initialized
Init: Detected: Microsoft Windows NT 6.1 (Build: 7601)
Init: Version: 400
Init: Compiled: Apr 22 2022 03:39:04
Init: Command line: 
Init: Base directory: C:\Users\virj\Documents\GitHub\_OzyGits\DNF2001-Ozy\DNF2001-LeakOzyRepo\Stable\System\
Init: Character set: Unicode
Init: Profile: Duke
Log: Bound to Engine.dll
Init: Object subsystem initialized.
Init: Computer: VIRJPC
Init: User: virj
Init: Memory total: Phys=4194303K Pagef=4194303K Virt=2097024K
Init: Working set: 32000 / 159000
Init: CPU Speed=3515.911549 MHz
Init: CPU Page size=4096, Processors=6
Init: CPU Detected: Unknown processor (AuhenicAD)
Init: CPU Features: CMov FPU RDTSC PAE MMX KNI
Log: Loading: Package Engine
Init: Unreal engine initialized.  Lincoln is pleased.
Init: DirectInput initialized successfully.
Init: Win32 client initialized.
Init: Lighting manager initialized.
Init: Render core initialized.
Log: LoadMap: Entry
Log: Loading: Package Entry
Log: Loading: Package dnWindow
Log: Loading: Package UWindow
Log: Loading: Package dnGame
Log: Loading: Package hud_effects
Log: Loading: Package dnParticles
Log: Loading: Package t_generic
Log: Bound to Fire.dll
Log: Loading: Package Fire
Log: Loading: Package t_detail
Log: Loading: Package t_firefx
Log: Loading: Package a_impact
Log: Loading: Package m_dnWeapon
Log: Loading: Package palettes
Log: Loading: Package m_vehicles
Log: Loading: Package c_FX
Log: Loading: Package t_explosionFx
Log: Loading: Package dnModulation
Log: Loading: Package afbproship
Log: Loading: Package a_generic
Log: Loading: Package mario
Log: Loading: Package dnsWeapn
Log: Loading: Package a_transport
Log: Loading: Package t_test
Log: Loading: Package m_generic
Log: Loading: Package a_edf
Log: Loading: Package c_generic
Log: Loading: Package m_zone1_vegas
Log: Loading: Package a_ambient
Log: Loading: Package c_zone1_vegas
Log: Loading: Package petalumahouse
Log: Loading: Package powerpuzzle1
Log: Loading: Package c_dnWeapon
Log: Loading: Package a_dukevoice
Log: Loading: Package circuitpuzzle1
Log: Loading: Package ezmail
Log: Loading: Package c_characters
Log: Loading: Package ezvend
Log: Loading: Package EZPhone
Log: Loading: Package c_dukeitems
Log: Loading: Package a_zone1_vegas
Log: Loading: Package keypads
Log: Loading: Package m_turretfx
Log: Loading: Package m_characters
Log: Loading: Package a_switch
Log: Loading: Package a_inventory
Log: Loading: Package c_hands
Log: Loading: Package a_creatures
Log: Loading: Package m_hands
Log: Loading: Package dnsMaterials
Log: Loading: Package SMK6
Log: Loading: Package crane
Log: Loading: Package ts01
Log: Loading: Package SMK5
Log: Loading: Package dukeED_gfx
Log: Loading: Package canvasfx
Log: Loading: Package arcadeFX
Log: Loading: Package ShieldFX
Log: Loading: Package SMK4
Log: Loading: Package vegas
Log: Loading: Package smk8
Log: Loading: Package a_npcvoice
Log: Loading: Package modelfx
Log: Loading: Package c_vehicles
Log: Loading: Package D3DSounds
Log: Loading: Package UBrowser
Log: Loading: Package SMK3
Log: Loading: Package SMK7
Log: EndLoadMap
Log: LoadMap NumPreloads: 11973
Log: LoadMap PreloadSize: 929059
Log: LoadMap TexturePreloadSize: 413792
Log: LoadMap SerializeTime: 0.275497
Log: Setting Actor Collision.
Log: Entered SetActorCollision.
Log: Entering Actor collision loop 1.
Log: Created new collision hash.
Log: Exited SetActorCollision.
Log: Setting up sound damping table.
Log: Updating the level info's time.
Log: Init the game info.
Log: Get the GameInfo clas.
Log: Game class is 'DukeIntro'
Log: Bringing Level Entry.MyLevel up for play (0)...
ScriptLog: GameInfo::InitGame: 
ScriptLog: Base Mutator is Entry.Mutator___0
ScriptLog: Using GameReplicationInfo class:GameReplicationInfo
Log: Bound to Galaxy.dll
Init: Galaxy is using DirectSound
Init: Galaxy initialized
Log: DnExec: *** MusicPlay: Filename:DukeNukemTheme.mp3
Log: DnExec: Seconds: 11502.276953 CrossfadeStart:11502.276953
Log: LoadMap TotalTime: 0.382692
Log: URL: Original URL: Entry.dnf
Log: URL: Escaped URL: Entry.dnf
Log: Browse: Entry.dnf?Name=Duke%20Nukem?Class=dnGame.DukePlayer?team=0?Mesh=c_characters.duke?Face=?Torso=?Arms=?Legs=?Voice=dngame.MalePlayerSounds?Icon=p_portraiticons.p_NukeSymbol1?Spectate=
Log: LoadMap: Entry.dnf?Name=Duke%20Nukem?Class=dnGame.DukePlayer?team=0?Mesh=c_characters.duke?Face=?Torso=?Arms=?Legs=?Voice=dngame.MalePlayerSounds?Icon=p_portraiticons.p_NukeSymbol1?Spectate=
Log: EndLoadMap
Log: LoadMap NumPreloads: 0
Log: LoadMap PreloadSize: 0
Log: LoadMap TexturePreloadSize: 0
Log: LoadMap SerializeTime: 0.000000
Log: Setting Actor Collision.
Log: Entered SetActorCollision.
Log: Exited SetActorCollision.
Log: Setting up sound damping table.
Log: Updating the level info's time.
Log: Init the game info.
DevAudio: Galaxy SetViewport: NULL
Log: DnExec: *** MusicPlay: Filename:DukeNukemTheme.mp3
Log: DnExec: Seconds: 11502.280105 CrossfadeStart:11502.280105
Log: LoadMap TotalTime: 0.002657
ScriptLog: Console: Duke Nukem Forever
ScriptLog: Console: Copyright 2000-2001 3D Realms, Inc.
ScriptLog: Console:  
ScriptLog: Console:  
Log: DnExec: *** MusicPlay: Filename:DukeNukemTheme.mp3
Log: DnExec: Seconds: 11502.574839 CrossfadeStart:11502.574838
ScriptLog: GameInfo::Login: Duke Nukem
ScriptLog: LOGIN:Spawning New Player Class dnGame.DukePlayer
Log: Loading: Package p_portraiticons
Init: Input system initialized for WindowsViewport___0
Log: Trying D3DDrv.D3DRenderDevice
Log: Bound to D3DDrv.dll
Init: Direct3D adapters detected:
Log: Adaptor Detected: nvd3dum.dll/NVIDIA GeForce GT 1030
Init: DukeForever Direct3D support initializing.
Log: SetRes(NewX=1280,NewY=1024,NewColorBytes=4,Fullscreen1) (this:0a320000);
Init: Best-match display mode: 1280x1024x32 (Error=0)
Init: D3D Driver: Supports trilinear
Init: D3D Driver: Supports specular gouraud
Init: D3D Driver: Supports BLENDDIFFUSEALPHA
Init: Rendertarget format: D3DFMT_X8R8G8B8
Init: Clipper texture created
DevAudio: Galaxy SetViewport: WindowsViewport___0
Init: Game engine initialized
Log: Startup time: 3.106985 seconds
Log: DnExec: OpenNextMP3 NextJumpPattern:DukeNukemTheme.mp3 ChosenFilename:..\Music\DukeNukemTheme.mp3
Log: Created 16 shadowcaster render targets
Log: Loading: Package mtheme_cobaltblue
ScriptLog: Theme doesn't implement sunglassesTL reverting to mtheme_cobaltblue.
ScriptLog: Cobalt Blue theme doesn't implement sunglassesTL reverting to hud_effects.
ScriptLog: Theme doesn't implement sunglassesTR reverting to mtheme_cobaltblue.
ScriptLog: Cobalt Blue theme doesn't implement sunglassesTR reverting to hud_effects.
ScriptLog: Theme doesn't implement sunglassesBL reverting to mtheme_cobaltblue.
ScriptLog: Cobalt Blue theme doesn't implement sunglassesBL reverting to hud_effects.
ScriptLog: Theme doesn't implement sunglassesBR reverting to mtheme_cobaltblue.
ScriptLog: Cobalt Blue theme doesn't implement sunglassesBR reverting to hud_effects.
ScriptLog: Theme doesn't implement sunglassesTLglo reverting to mtheme_cobaltblue.
ScriptLog: Cobalt Blue theme doesn't implement sunglassesTLglo reverting to hud_effects.
ScriptLog: Theme doesn't implement sunglassesTRglo reverting to mtheme_cobaltblue.
ScriptLog: Cobalt Blue theme doesn't implement sunglassesTRglo reverting to hud_effects.
ScriptLog: Theme doesn't implement sunglassesBLglo reverting to mtheme_cobaltblue.
ScriptLog: Cobalt Blue theme doesn't implement sunglassesBLglo reverting to hud_effects.
ScriptLog: Theme doesn't implement sunglassesBRglo reverting to mtheme_cobaltblue.
ScriptLog: Cobalt Blue theme doesn't implement sunglassesBRglo reverting to hud_effects.
ScriptLog: Theme doesn't implement mover_tleft reverting to mtheme_cobaltblue.
ScriptLog: Cobalt Blue theme doesn't implement mover_tleft reverting to hud_effects.
ScriptLog: Theme doesn't implement mover_tright reverting to mtheme_cobaltblue.
ScriptLog: Cobalt Blue theme doesn't implement mover_tright reverting to hud_effects.
ScriptLog: Theme doesn't implement mover_bleft reverting to mtheme_cobaltblue.
ScriptLog: Cobalt Blue theme doesn't implement mover_bleft reverting to hud_effects.
ScriptLog: Theme doesn't implement mover_bright reverting to mtheme_cobaltblue.
ScriptLog: Cobalt Blue theme doesn't implement mover_bright reverting to hud_effects.
Log: Loading: Package Screenshots
Log: URL: Original URL: !z1l1_1?noauto
Log: URL: Escaped URL: !z1l1_1?noauto
Log: URL: Adding default option Name=Duke%20Nukem
Log: URL: Adding default option team=0
Log: URL: Adding default option Mesh=c_characters.duke
Log: URL: Adding default option Face=
Log: URL: Adding default option Torso=
Log: URL: Adding default option Arms=
Log: URL: Adding default option Legs=
Log: URL: Adding default option Voice=dngame.MalePlayerSounds
Log: URL: Adding default option Spectate=
Log: Browse: !z1l1_1?noauto?Name=Duke%20Nukem?team=0?Mesh=c_characters.duke?Face=?Torso=?Arms=?Legs=?Voice=dngame.MalePlayerSounds?Spectate=
Log: LoadMap: !z1l1_1?noauto?Name=Duke%20Nukem?team=0?Mesh=c_characters.duke?Face=?Torso=?Arms=?Legs=?Voice=dngame.MalePlayerSounds?Spectate=
DevAudio: Galaxy SetViewport: WindowsViewport___0
Log: Loading: Package !z1l1_1
Log: Loading: Package stratosfear
Log: Loading: Package Penthouse
Log: Loading: Package dcasino
Log: Loading: Package brothel
Log: Loading: Package breakable
Log: Loading: Package Airforcebase2
Log: Loading: Package a51_base1
Log: Loading: Package U_Generic
Log: Loading: Package c_zone3_canyon
Log: Loading: Package a_doors
Log: Loading: Package airforcebase
Log: Loading: Package c_zone4_afb
Log: Loading: Package RocketFX
Log: Loading: Package Airforcebase3
Log: Loading: Package area51
Log: Loading: Package dnAI
Log: Loading: Package m_zone3_canyon
Log: Loading: Package TEMPVOICE
Log: Loading: Package m_fx
Log: Loading: Package dnMountables
Log: Loading: Package smk1
Log: Loading: Package AirforceSmacks01
Log: Loading: Package EDF_1
Log: Loading: Package EDF_2
Log: Loading: Package dnMaskFX
Log: Loading: Package U_Zone1_Vegas
Log: EndLoadMap
Log: LoadMap NumPreloads: 6458
Log: LoadMap PreloadSize: 18163285
Log: LoadMap TexturePreloadSize: 11861318
Log: LoadMap SerializeTime: 0.523396
Log: Purging Unused Objects.
Log: Collecting garbage
Log: Purging garbage - DispatchDestroy
Log: Purging garbage - DeleteGarbage
Log: Purging garbage - DeleteNames
Log: Garbage: objects: 30777->30717; refs: 466168
Log: Garbage collection complete.
Log: Unused Objects Purged.
Log: Setting Actor Collision.
Log: Entered SetActorCollision.
Log: Entering Actor collision loop 1.
Log: Created new collision hash.
Log: Exited SetActorCollision.
Log: Setting up sound damping table.
Log: Updating the level info's time.
Log: Init the game info.
Log: Get the GameInfo clas.
Log: Game class is 'dnSinglePlayer_NoPistol'
Log: Bringing Level !z1l1_1.MyLevel up for play (0)...
ScriptLog: GameInfo::InitGame: ?noauto?Name=Duke Nukem?team=0?Mesh=c_characters.duke?Face=?Torso=?Arms=?Legs=?Voice=dngame.MalePlayerSounds?Spectate=
ScriptLog: Base Mutator is !z1l1_1.Mutator___1
ScriptLog: Using GameReplicationInfo class:GameReplicationInfo
ScriptWarning: GruntSWAT10 !z1l1_1.GruntSWAT10___1 (Function dnAI.Grunt.PostBeginPlay:0295) Accessed None
Log: Spawning new actor for Viewport WindowsViewport___0
ScriptLog: GameInfo::Login: Duke Nukem
ScriptLog: LOGIN:Spawning New Player Class dnGame.DukePlayer
Init: Initialized moving brush tracker for Level !z1l1_1.MyLevel
DevAudio: Galaxy SetViewport: WindowsViewport___0
Log: LoadMap TotalTime: 0.735465
Log: Loading: Package m_dukeitems
Log: Loading: Package area51_level2
Log: Loading: Package dnMaterial
Warning: Property Material of Texture is not serialiable
Warning: Skipping 1 bytes of type 5
Log: Loading: Package miningtown
ScriptLog: Attaching HUD:dnGame.DukeHUD
ScriptLog: HumanNPCFlags set bVisiblySnatched to False for !z1l1_1.NPCMale1___0
ScriptWarning: GruntSWAT10 !z1l1_1.GruntSWAT10___1 (Function Engine.Pawn.DriveFacialTrack:00F0) Accessed array out of bounds (-1/16)
ScriptWarning: NPCMale1 !z1l1_1.NPCMale1___0 (Function Engine.Pawn.DriveFacialTrack:00F0) Accessed array out of bounds (-1/16)
ScriptWarning: GruntSWAT10 !z1l1_1.GruntSWAT10___1 (State dnAI.Grunt.Idling:0277) Accessed None
ScriptWarning: GruntSWAT10 !z1l1_1.GruntSWAT10___1 (State dnAI.Grunt.Idling:0277) Accessed None
ScriptWarning: GruntSWAT10 !z1l1_1.GruntSWAT10___1 (State dnAI.Grunt.Idling:0277) Accessed None
ScriptLog: Console: <Knock!><Knock!>
ScriptWarning: GruntSWAT10 !z1l1_1.GruntSWAT10___1 (State dnAI.Grunt.Idling:0277) Accessed None
ScriptLog: Console: Page:"Mr. Nukem, you're needed on the set. Are you in there?"
ScriptLog: Console: Page:"Mr. Nukem, we need to hurry."
ScriptWarning: GruntSWAT10 !z1l1_1.GruntSWAT10___1 (State dnAI.Grunt.Idling:0277) Accessed None
ScriptLog: Console: <Knock!><Knock!>
ScriptWarning: GruntSWAT10 !z1l1_1.GruntSWAT10___1 (State dnAI.Grunt.Idling:0277) Accessed None
ScriptLog: Console: Page:"Mr. Nukem, you're needed on the set. Are you in there?"
ScriptWarning: GruntSWAT10 !z1l1_1.GruntSWAT10___1 (State dnAI.Grunt.Idling:0277) Accessed None
ScriptLog: Console: Page:"Mr. Nukem, we need to hurry."
ScriptLog: Console: <Knock!><Knock!>
ScriptWarning: GruntSWAT10 !z1l1_1.GruntSWAT10___1 (State dnAI.Grunt.Idling:0277) Accessed None
ScriptLog: Console: Page:"Mr. Nukem, you're needed on the set. Are you in there?"
ScriptLog: Console: Page:"Mr. Nukem, we need to hurry."
ScriptWarning: GruntSWAT10 !z1l1_1.GruntSWAT10___1 (State dnAI.Grunt.Idling:0277) Accessed None
ScriptLog: Console: <Knock!><Knock!>
ScriptWarning: GruntSWAT10 !z1l1_1.GruntSWAT10___1 (State dnAI.Grunt.Idling:0277) Accessed None
ScriptLog: Console: Page:"Mr. Nukem, you're needed on the set. Are you in there?"
ScriptWarning: GruntSWAT10 !z1l1_1.GruntSWAT10___1 (State dnAI.Grunt.Idling:0277) Accessed None
ScriptWarning: UWindowMessageBoxCW Transient.UWindowMessageBoxCW___0 (Function UWindow.UWindowMessageBoxCW.Resized:0030) Accessed None
ScriptWarning: UWindowMessageBoxCW Transient.UWindowMessageBoxCW___0 (Function UWindow.UWindowMessageBoxCW.Resized:0030) Accessed None
ScriptLog: Saving GRI defaults 
Log: appRequestExit(0)
Exit: Preparing to exit.
Log: Purging garbage - DispatchDestroy
Log: Unbound to Engine.dll
Log: Unloading: Package Engine
Exit: Game engine shut down
Log: Cannibal shutdown...
Log: ...Cannibal shutdown complete.
Exit: Windows client shut down
Exit: Rendering shut down
Log: Unloading: Package Entry
Log: Unloading: Package dnWindow
Log: Unloading: Package UWindow
Log: Unloading: Package dnGame
Log: Unloading: Package hud_effects
Log: Unloading: Package dnParticles
Log: Unloading: Package t_generic
Log: Unbound to Fire.dll
Log: Unloading: Package Fire
Log: Unloading: Package t_detail
Log: Unloading: Package t_firefx
Log: Unloading: Package a_impact
Log: Unloading: Package m_dnWeapon
Log: Unloading: Package palettes
Log: Unloading: Package m_vehicles
Log: Unloading: Package c_FX
Log: Unloading: Package t_explosionFx
Log: Unloading: Package dnModulation
Log: Unloading: Package afbproship
Log: Unloading: Package a_generic
Log: Unloading: Package mario
Log: Unloading: Package dnsWeapn
Log: Unloading: Package a_transport
Log: Unloading: Package t_test
Log: Unloading: Package m_generic
Log: Unloading: Package a_edf
Log: Unloading: Package c_generic
Log: Unloading: Package m_zone1_vegas
Log: Unloading: Package a_ambient
Log: Unloading: Package c_zone1_vegas
Log: Unloading: Package petalumahouse
Log: Unloading: Package powerpuzzle1
Log: Unloading: Package c_dnWeapon
Log: Unloading: Package a_dukevoice
Log: Unloading: Package circuitpuzzle1
Log: Unloading: Package ezmail
Log: Unloading: Package c_characters
Log: Unloading: Package ezvend
Log: Unloading: Package EZPhone
Log: Unloading: Package c_dukeitems
Log: Unloading: Package a_zone1_vegas
Log: Unloading: Package keypads
Log: Unloading: Package m_turretfx
Log: Unloading: Package m_characters
Log: Unloading: Package a_switch
Log: Unloading: Package a_inventory
Log: Unloading: Package c_hands
Log: Unloading: Package a_creatures
Log: Unloading: Package m_hands
Log: Unloading: Package dnsMaterials
Log: Unloading: Package SMK6
Log: Unloading: Package crane
Log: Unloading: Package ts01
Log: Unloading: Package SMK5
Log: Unloading: Package dukeED_gfx
Log: Unloading: Package canvasfx
Log: Unloading: Package arcadeFX
Log: Unloading: Package ShieldFX
Log: Unloading: Package SMK4
Log: Unloading: Package vegas
Log: Unloading: Package smk8
Log: Unloading: Package a_npcvoice
Log: Unloading: Package modelfx
Log: Unloading: Package c_vehicles
Log: Unloading: Package D3DSounds
Log: Unloading: Package UBrowser
Log: Unloading: Package SMK3
Log: Unloading: Package SMK7
Log: Unbound to Galaxy.dll
DevAudio: Galaxy SetViewport: NULL
Exit: Galaxy shut down
Log: Unloading TrueType fonts.
Log: Unloading: Package p_portraiticons
Log: Unbound to D3DDrv.dll
Log: Unloading: Package mtheme_cobaltblue
Log: Unloading: Package Screenshots
Log: Unloading: Package !z1l1_1
Log: Unloading: Package stratosfear
Log: Unloading: Package Penthouse
Log: Unloading: Package dcasino
Log: Unloading: Package brothel
Log: Unloading: Package breakable
Log: Unloading: Package Airforcebase2
Log: Unloading: Package a51_base1
Log: Unloading: Package U_Generic
Log: Unloading: Package c_zone3_canyon
Log: Unloading: Package a_doors
Log: Unloading: Package airforcebase
Log: Unloading: Package c_zone4_afb
Log: Unloading: Package RocketFX
Log: Unloading: Package Airforcebase3
Log: Unloading: Package area51
Log: Unloading: Package dnAI
Log: Unloading: Package m_zone3_canyon
Log: Unloading: Package TEMPVOICE
Log: Unloading: Package m_fx
Log: Unloading: Package dnMountables
Log: Unloading: Package smk1
Log: Unloading: Package AirforceSmacks01
Log: Unloading: Package EDF_1
Log: Unloading: Package EDF_2
Log: Unloading: Package dnMaskFX
Log: Unloading: Package U_Zone1_Vegas
Init: Shut down moving brush tracker for Level !z1l1_1.MyLevel
Log: Unloading: Package m_dukeitems
Log: Unloading: Package area51_level2
Log: Unloading: Package dnMaterial
Log: Unloading: Package miningtown
Log: Purging garbage - DeleteGarbage
Log: Purging garbage - DeleteNames
Log: Garbage: objects: 31263->0; refs: 466168
Exit: Object subsystem successfully closed.
Log: Terminating main loop
Exit: Exiting.
Uninitialized: Name subsystem shut down
Uninitialized: Memory Allocation Status
Uninitialized: Curr Memory  1.131M /  4.996M
Uninitialized: Peak Memory  318.593M /  320.281M
Uninitialized: Allocs        2984 Current /  540493 Total
Uninitialized: Log file closed, 05/11/22 19:12:06
