Log: Log file open, 05/10/22 23:33:03
Init: Name subsystem initialized
Init: Detected: Microsoft Windows NT 6.1 (Build: 7601)
Init: Version: 400
Init: Compiled: Apr 22 2022 03:39:04
Init: Command line: 
Init: Base directory: D:\Games\DF2001\October 26\System\
Init: Character set: Unicode
Init: Profile: DukeEd
Log: Bound to Editor.dll
Log: Bound to Engine.dll
Init: Object subsystem initialized.
Init: Computer: VIRJPC
Init: User: virj
Init: Memory total: Phys=4194303K Pagef=4194303K Virt=2097024K
Init: Working set: 32000 / 159000
Init: CPU Speed=3515.872019 MHz
Init: CPU Page size=4096, Processors=6
Init: CPU Detected: Unknown processor (AuhenicAD)
Init: CPU Features: CMov FPU RDTSC PAE MMX KNI
Log: Loading: Package Editor
Log: Loading: Package Engine
Init: Unreal engine initialized.  Lincoln is pleased.
Log: Bound to Galaxy.dll
Init: Galaxy is using WinMM
Init: Galaxy initialized
Init: Transaction tracking system initialized
Log: Loading: Package UWindow
Log: Bound to Fire.dll
Log: Loading: Package Fire
Log: Loading: Package IPServer
Log: Bound to UWeb.dll
Log: Loading: Package UWeb
Log: Loading: Package UBrowser
Log: Loading: Package dnParticles
Log: Loading: Package t_generic
Log: Loading: Package t_detail
Log: Loading: Package t_firefx
Log: Loading: Package a_impact
Log: Loading: Package m_dnWeapon
Log: Loading: Package palettes
Log: Loading: Package m_vehicles
Log: Loading: Package c_FX
Log: Loading: Package t_explosionFx
Log: Loading: Package dnModulation
Log: Loading: Package afbproship
Log: Loading: Package a_generic
Log: Loading: Package mario
Log: Loading: Package dnsWeapn
Log: Loading: Package a_transport
Log: Loading: Package t_test
Log: Loading: Package m_generic
Log: Loading: Package a_edf
Log: Loading: Package c_generic
Log: Loading: Package m_zone1_vegas
Log: Loading: Package a_ambient
Log: Loading: Package c_zone1_vegas
Log: Loading: Package petalumahouse
Log: Loading: Package dnGame
Log: Loading: Package hud_effects
Log: Loading: Package powerpuzzle1
Log: Loading: Package c_dnWeapon
Log: Loading: Package a_dukevoice
Log: Loading: Package circuitpuzzle1
Log: Loading: Package ezmail
Log: Loading: Package c_characters
Log: Loading: Package ezvend
Log: Loading: Package EZPhone
Log: Loading: Package c_dukeitems
Log: Loading: Package a_zone1_vegas
Log: Loading: Package keypads
Log: Loading: Package m_turretfx
Log: Loading: Package m_characters
Log: Loading: Package a_switch
Log: Loading: Package a_inventory
Log: Loading: Package c_hands
Log: Loading: Package a_creatures
Log: Loading: Package m_hands
Log: Loading: Package dnsMaterials
Log: Loading: Package SMK6
Log: Loading: Package crane
Log: Loading: Package ts01
Log: Loading: Package SMK5
Log: Loading: Package dukeED_gfx
Log: Loading: Package canvasfx
Log: Loading: Package arcadeFX
Log: Loading: Package ShieldFX
Log: Loading: Package SMK4
Log: Loading: Package vegas
Log: Loading: Package smk8
Log: Loading: Package a_npcvoice
Log: Loading: Package modelfx
Log: Loading: Package c_vehicles
Log: Loading: Package D3DSounds
Log: Loading: Package dnMountables
Log: Loading: Package dnAI
Log: Loading: Package m_zone3_canyon
Log: Loading: Package c_zone3_canyon
Log: Loading: Package TEMPVOICE
Log: Loading: Package a_doors
Log: Loading: Package m_fx
Log: Loading: Package dnWindow
Log: Loading: Package SMK3
Log: Loading: Package SMK7
Log: Loading: Package U_Generic
Log: Loading: Package airforcebase
Log: Loading: Package Airforcebase2
Log: Loading: Package c_zone4_afb
Log: Loading: Package RocketFX
Log: Loading: Package U_Zone1_Vegas
Log: Loading: Package U_Zone2_Dam
Log: Loading: Package c_zone2_dam
Log: Loading: Package U_Zone3_Canyon
Log: Loading: Package U_Zone4_AFB
Log: Loading: Package U_Zone5_Area51
Log: Loading: Package c_zone5_area51
Log: Loading: Package computer
Log: Loading: Package m_zone5_area51
Log: Loading: Package U_Zone6_Ship
Log: Loading: Package dnMaterial
Log: Loading: Package U_Fragment
Init: Win32 client initialized.
Init: Lighting manager initialized.
Init: Render core initialized.
Init: Editor engine initialized
Log: Startup time: 3.469719 seconds
Cmd: MODE MAPEXT=dnf
Init: Input system initialized for U2Viewport0
Localization: No localization: Engine.General.ViewXY (int)
Localization: No localization: Engine.General.ViewXY (int)
Log: Trying D3DDrv.D3DRenderDevice
Log: Bound to D3DDrv.dll
Init: Direct3D adapters detected:
Log: Adaptor Detected: nvd3dumx,nvwgf2umx,nvwgf2umx.dll/NVIDIA GeForce GT 1030
Critical: appError called:
Critical: [Z:\D3DDrv\Src\Direct3D8.cpp, 861] D3D ERROR: Direct3D8->GetDeviceCaps(BestAdapterIndex,D3DDEVTYPE_HAL,&DeviceCaps8) == D3DERR_NOTAVAILABLE
Critical: Windows GetLastError: Impossibile trovare il file specificato. (2)
Exit: Executing UObject::StaticShutdownAfterError
Exit: UGalaxyAudioSubsystem::ShutdownAfterError
Warning: glxStopOutput() failed: 6
Exit: Executing UWindowsClient::ShutdownAfterError
Exit: UD3DRenderDevice::ShutdownAfterError
